<?xml version="1.0" encoding="UTF-8"?>
<!-- Generated by org.testng.reporters.JUnitReportReporter -->
<testsuite hostname="Trungs-iMac" failures="0" tests="1" name="runner.TestRunner" time="17.040" errors="0" timestamp="2021-04-24T17:01:36 ICT" skipped="0">
  <testcase classname="runner.TestRunner" name="checkPOI" time="17.040"/>
  <system-out/>
</testsuite> <!-- runner.TestRunner -->
